C:\Program Files\Microsoft Visual Studio\2022\Community\MSBuild\Microsoft\VC\v170\Microsoft.CppBuild.targets(1119,5): warning MSB8027: Two or more files with the name of imgui_impl_opengl3.cpp will produce outputs to the same location. This can lead to an incorrect build result.  The files involved are ..\..\..\..\..\Downloads\imgui-1.91.1\imgui-1.91.1\backends\imgui_impl_opengl3.cpp, src\vendor\imgui\imgui_impl_opengl3.cpp.
  TestCubes.cpp
C:\Program Files\Microsoft Visual Studio\2022\Community\VC\Tools\MSVC\14.41.34120\include\memory(3597,56): warning C4244: 'argument': conversion from '_Ty' to 'unsigned int', possible loss of data
C:\Program Files\Microsoft Visual Studio\2022\Community\VC\Tools\MSVC\14.41.34120\include\memory(3597,56): warning C4244:         with
C:\Program Files\Microsoft Visual Studio\2022\Community\VC\Tools\MSVC\14.41.34120\include\memory(3597,56): warning C4244:         [
C:\Program Files\Microsoft Visual Studio\2022\Community\VC\Tools\MSVC\14.41.34120\include\memory(3597,56): warning C4244:             _Ty=unsigned __int64
C:\Program Files\Microsoft Visual Studio\2022\Community\VC\Tools\MSVC\14.41.34120\include\memory(3597,56): warning C4244:         ]
  (compiling source file 'src/tests/TestCubes.cpp')
      C:\Program Files\Microsoft Visual Studio\2022\Community\VC\Tools\MSVC\14.41.34120\include\memory(3597,56):
      the template instantiation context (the oldest one first) is
          C:\Users\timgr\Documents\GitHub\MMR\src\OpenGL\src\tests\TestCubes.cpp(178,15):
          see reference to function template instantiation 'std::unique_ptr<VertexBuffer,std::default_delete<VertexBuffer>> std::make_unique<VertexBuffer,float(&)[216],unsigned __int64,0>(float (&)[216],unsigned __int64 &&)' being compiled
  
  TestMesh.cpp
C:\Users\timgr\Documents\GitHub\MMR\src\OpenGL\src\tests\TestMesh.cpp(113,60): warning C4244: 'argument': conversion from 'float' to 'int', possible loss of data
C:\Users\timgr\Documents\GitHub\MMR\src\OpenGL\src\tests\TestMesh.cpp(139,60): warning C4244: 'argument': conversion from 'float' to 'int', possible loss of data
  TestRefineMesh.cpp
C:\Users\timgr\Documents\GitHub\MMR\src\OpenGL\src\tests\TestRefineMesh.cpp(111,60): warning C4244: 'argument': conversion from 'float' to 'int', possible loss of data
C:\Users\timgr\Documents\GitHub\MMR\src\OpenGL\src\tests\TestRefineMesh.cpp(137,60): warning C4244: 'argument': conversion from 'float' to 'int', possible loss of data
  Generating Code...
  OpenGL.vcxproj -> C:\Users\timgr\Documents\GitHub\MMR\src\OpenGL\x64\Debug\OpenGL.exe
