C:\Program Files\Microsoft Visual Studio\2022\Community\MSBuild\Microsoft\VC\v170\Microsoft.CppBuild.targets(1119,5): warning MSB8027: Two or more files with the name of imgui_impl_opengl3.cpp will produce outputs to the same location. This can lead to an incorrect build result.  The files involved are ..\..\..\..\..\Downloads\imgui-1.91.1\imgui-1.91.1\backends\imgui_impl_opengl3.cpp, src\vendor\imgui\imgui_impl_opengl3.cpp.
  Mesh.cpp
  Model.cpp
C:\Program Files\Microsoft Visual Studio\2022\Community\VC\Tools\MSVC\14.41.34120\include\memory(3597,56): warning C4267: 'argument': conversion from 'size_t' to 'unsigned int', possible loss of data
  (compiling source file 'src/Mesh.cpp')
      C:\Program Files\Microsoft Visual Studio\2022\Community\VC\Tools\MSVC\14.41.34120\include\memory(3597,56):
      the template instantiation context (the oldest one first) is
          C:\Users\timgr\Documents\GitHub\MMR\src\OpenGL\src\Mesh.cpp(24,14):
          see reference to function template instantiation 'std::unique_ptr<VertexBuffer,std::default_delete<VertexBuffer>> std::make_unique<VertexBuffer,_Ty*,size_t,0>(_Ty *&&,size_t &&)' being compiled
          with
          [
              _Ty=Vertex
          ]
  
  TestRefineMesh.cpp
C:\Users\timgr\Documents\GitHub\MMR\src\OpenGL\src\tests\TestRefineMesh.cpp(100,60): warning C4244: 'argument': conversion from 'float' to 'int', possible loss of data
C:\Users\timgr\Documents\GitHub\MMR\src\OpenGL\src\tests\TestRefineMesh.cpp(126,60): warning C4244: 'argument': conversion from 'float' to 'int', possible loss of data
C:\Users\timgr\Documents\GitHub\MMR\src\OpenGL\src\tests\TestRefineMesh.cpp(203,1): error C2059: syntax error: '}'
C:\Users\timgr\Documents\GitHub\MMR\src\OpenGL\src\tests\TestRefineMesh.cpp(203,1): error C2143: syntax error: missing ';' before '}'
  TestMesh.cpp
C:\Users\timgr\Documents\GitHub\MMR\src\OpenGL\src\tests\TestMesh.cpp(105,60): warning C4244: 'argument': conversion from 'float' to 'int', possible loss of data
C:\Users\timgr\Documents\GitHub\MMR\src\OpenGL\src\tests\TestMesh.cpp(131,60): warning C4244: 'argument': conversion from 'float' to 'int', possible loss of data
  Generating Code...
