c:\users\timgr\documents\github\mmr\src\opengl\x64\debug\vc143.pdb
c:\users\timgr\documents\github\mmr\src\opengl\x64\debug\vc143.idb
c:\users\timgr\documents\github\mmr\src\opengl\x64\debug\vertexbuffer.obj
c:\users\timgr\documents\github\mmr\src\opengl\x64\debug\vertexarray.obj
c:\users\timgr\documents\github\mmr\src\opengl\x64\debug\stb_image.obj
c:\users\timgr\documents\github\mmr\src\opengl\x64\debug\imgui_widgets.obj
c:\users\timgr\documents\github\mmr\src\opengl\x64\debug\imgui_tables.obj
c:\users\timgr\documents\github\mmr\src\opengl\x64\debug\imgui_impl_opengl3.obj
c:\users\timgr\documents\github\mmr\src\opengl\x64\debug\imgui_impl_glfw.obj
c:\users\timgr\documents\github\mmr\src\opengl\x64\debug\imgui_draw.obj
c:\users\timgr\documents\github\mmr\src\opengl\x64\debug\imgui_demo.obj
c:\users\timgr\documents\github\mmr\src\opengl\x64\debug\imgui.obj
c:\users\timgr\documents\github\mmr\src\opengl\x64\debug\texture.obj
c:\users\timgr\documents\github\mmr\src\opengl\x64\debug\testclearcolor.obj
c:\users\timgr\documents\github\mmr\src\opengl\x64\debug\shader.obj
c:\users\timgr\documents\github\mmr\src\opengl\x64\debug\renderer.obj
c:\users\timgr\documents\github\mmr\src\opengl\x64\debug\indexbuffer.obj
c:\users\timgr\documents\github\mmr\src\opengl\x64\debug\application.obj
c:\users\timgr\documents\github\mmr\src\opengl\x64\debug\test.obj
c:\users\timgr\documents\github\mmr\src\opengl\x64\debug\testdice.obj
c:\users\timgr\documents\github\mmr\src\opengl\x64\debug\testcubes.obj
c:\users\timgr\documents\github\mmr\src\opengl\x64\debug\window.obj
c:\users\timgr\documents\github\mmr\src\opengl\x64\debug\camera.obj
c:\users\timgr\documents\github\mmr\src\opengl\x64\debug\opengl.exe
c:\users\timgr\documents\github\mmr\src\opengl\x64\debug\opengl.ilk
c:\users\timgr\documents\github\mmr\src\opengl\x64\debug\opengl.pdb
c:\users\timgr\documents\github\mmr\src\opengl\x64\debug\opengl.tlog\cl.command.1.tlog
c:\users\timgr\documents\github\mmr\src\opengl\x64\debug\opengl.tlog\cl.items.tlog
c:\users\timgr\documents\github\mmr\src\opengl\x64\debug\opengl.tlog\cl.read.1.tlog
c:\users\timgr\documents\github\mmr\src\opengl\x64\debug\opengl.tlog\cl.write.1.tlog
c:\users\timgr\documents\github\mmr\src\opengl\x64\debug\opengl.tlog\link.command.1.tlog
c:\users\timgr\documents\github\mmr\src\opengl\x64\debug\opengl.tlog\link.read.1.tlog
c:\users\timgr\documents\github\mmr\src\opengl\x64\debug\opengl.tlog\link.write.1.tlog
