C:\Program Files\Microsoft Visual Studio\2022\Community\MSBuild\Microsoft\VC\v170\Microsoft.CppBuild.targets(1119,5): warning MSB8027: Two or more files with the name of imgui_impl_opengl3.cpp will produce outputs to the same location. This can lead to an incorrect build result.  The files involved are ..\..\..\..\..\Downloads\imgui-1.91.1\imgui-1.91.1\backends\imgui_impl_opengl3.cpp, src\vendor\imgui\imgui_impl_opengl3.cpp.
  imgui_impl_opengl3.cpp
  Application.cpp
  Camera.cpp
C:\Users\timgr\Documents\GitHub\MMR\src\OpenGL\src\Camera.cpp(82,23): warning C4244: '+=': conversion from 'double' to 'float', possible loss of data
C:\Users\timgr\Documents\GitHub\MMR\src\OpenGL\src\Camera.cpp(85,23): warning C4244: '-=': conversion from 'double' to 'float', possible loss of data
C:\Users\timgr\Documents\GitHub\MMR\src\OpenGL\src\Camera.cpp(88,21): warning C4244: '-=': conversion from 'double' to 'float', possible loss of data
C:\Users\timgr\Documents\GitHub\MMR\src\OpenGL\src\Camera.cpp(91,21): warning C4244: '+=': conversion from 'double' to 'float', possible loss of data
  IndexBuffer.cpp
  Mesh.cpp
C:\Program Files\Microsoft Visual Studio\2022\Community\VC\Tools\MSVC\14.41.34120\include\memory(3597,56): warning C4267: 'argument': conversion from 'size_t' to 'unsigned int', possible loss of data
  (compiling source file 'src/Mesh.cpp')
      C:\Program Files\Microsoft Visual Studio\2022\Community\VC\Tools\MSVC\14.41.34120\include\memory(3597,56):
      the template instantiation context (the oldest one first) is
          C:\Users\timgr\Documents\GitHub\MMR\src\OpenGL\src\Mesh.cpp(24,14):
          see reference to function template instantiation 'std::unique_ptr<VertexBuffer,std::default_delete<VertexBuffer>> std::make_unique<VertexBuffer,_Ty*,size_t,0>(_Ty *&&,size_t &&)' being compiled
          with
          [
              _Ty=Vertex
          ]
  
  Model.cpp
  Renderer.cpp
  ScriptRunner.cpp
  Shader.cpp
C:\Users\timgr\Documents\GitHub\MMR\src\OpenGL\src\Shader.cpp(116,5): warning C4244: 'argument': conversion from 'int' to 'GLfloat', possible loss of data
  TestRefineMesh.cpp
C:\Users\timgr\Documents\GitHub\MMR\src\OpenGL\src\tests\TestRefineMesh.cpp(103,60): warning C4244: 'argument': conversion from 'float' to 'int', possible loss of data
C:\Users\timgr\Documents\GitHub\MMR\src\OpenGL\src\tests\TestRefineMesh.cpp(129,60): warning C4244: 'argument': conversion from 'float' to 'int', possible loss of data
  Test.cpp
  TestClearColor.cpp
  TestCubes.cpp
C:\Program Files\Microsoft Visual Studio\2022\Community\VC\Tools\MSVC\14.41.34120\include\memory(3597,56): warning C4244: 'argument': conversion from '_Ty' to 'unsigned int', possible loss of data
C:\Program Files\Microsoft Visual Studio\2022\Community\VC\Tools\MSVC\14.41.34120\include\memory(3597,56): warning C4244:         with
C:\Program Files\Microsoft Visual Studio\2022\Community\VC\Tools\MSVC\14.41.34120\include\memory(3597,56): warning C4244:         [
C:\Program Files\Microsoft Visual Studio\2022\Community\VC\Tools\MSVC\14.41.34120\include\memory(3597,56): warning C4244:             _Ty=unsigned __int64
C:\Program Files\Microsoft Visual Studio\2022\Community\VC\Tools\MSVC\14.41.34120\include\memory(3597,56): warning C4244:         ]
  (compiling source file 'src/tests/TestCubes.cpp')
      C:\Program Files\Microsoft Visual Studio\2022\Community\VC\Tools\MSVC\14.41.34120\include\memory(3597,56):
      the template instantiation context (the oldest one first) is
          C:\Users\timgr\Documents\GitHub\MMR\src\OpenGL\src\tests\TestCubes.cpp(178,15):
          see reference to function template instantiation 'std::unique_ptr<VertexBuffer,std::default_delete<VertexBuffer>> std::make_unique<VertexBuffer,float(&)[216],unsigned __int64,0>(float (&)[216],unsigned __int64 &&)' being compiled
  
  TestDice.cpp
C:\Program Files\Microsoft Visual Studio\2022\Community\VC\Tools\MSVC\14.41.34120\include\memory(3597,56): warning C4244: 'argument': conversion from '_Ty' to 'unsigned int', possible loss of data
C:\Program Files\Microsoft Visual Studio\2022\Community\VC\Tools\MSVC\14.41.34120\include\memory(3597,56): warning C4244:         with
C:\Program Files\Microsoft Visual Studio\2022\Community\VC\Tools\MSVC\14.41.34120\include\memory(3597,56): warning C4244:         [
C:\Program Files\Microsoft Visual Studio\2022\Community\VC\Tools\MSVC\14.41.34120\include\memory(3597,56): warning C4244:             _Ty=unsigned __int64
C:\Program Files\Microsoft Visual Studio\2022\Community\VC\Tools\MSVC\14.41.34120\include\memory(3597,56): warning C4244:         ]
  (compiling source file 'src/tests/TestDice.cpp')
      C:\Program Files\Microsoft Visual Studio\2022\Community\VC\Tools\MSVC\14.41.34120\include\memory(3597,56):
      the template instantiation context (the oldest one first) is
          C:\Users\timgr\Documents\GitHub\MMR\src\OpenGL\src\tests\TestDice.cpp(37,15):
          see reference to function template instantiation 'std::unique_ptr<VertexBuffer,std::default_delete<VertexBuffer>> std::make_unique<VertexBuffer,float(&)[16],unsigned __int64,0>(float (&)[16],unsigned __int64 &&)' being compiled
  
  TestMesh.cpp
C:\Users\timgr\Documents\GitHub\MMR\src\OpenGL\src\tests\TestMesh.cpp(105,60): warning C4244: 'argument': conversion from 'float' to 'int', possible loss of data
C:\Users\timgr\Documents\GitHub\MMR\src\OpenGL\src\tests\TestMesh.cpp(131,60): warning C4244: 'argument': conversion from 'float' to 'int', possible loss of data
  Texture.cpp
  imgui.cpp
  imgui_demo.cpp
  imgui_draw.cpp
  imgui_impl_glfw.cpp
  Compiling...
  imgui_impl_opengl3.cpp
  imgui_tables.cpp
  imgui_widgets.cpp
  stb_image.cpp
  VertexArray.cpp
C:\Users\timgr\Documents\GitHub\MMR\src\OpenGL\src\VertexArray.cpp(22,3): warning C4312: 'type cast': conversion from 'unsigned int' to 'const void *' of greater size
  VertexBuffer.cpp
ScriptRunner.obj : error LNK2005: main already defined in Application.obj
OpenGL\x64\Release\imgui_impl_opengl3.obj : warning LNK4042: object specified more than once; extras ignored
LINK : warning LNK4098: defaultlib 'LIBCMT' conflicts with use of other libs; use /NODEFAULTLIB:library
C:\Users\timgr\Documents\GitHub\MMR\src\OpenGL\x64\Release\OpenGL.exe : fatal error LNK1169: one or more multiply defined symbols found
